
state 0
	$accept: .PROGRAM $end 

	DISPOSITIVO  shift 4
	.  error

	PROGRAM  goto 1
	DEVICES  goto 2
	DEVICE  goto 3

state 1
	$accept:  PROGRAM.$end 

	$end  accept
	.  error


state 2
	PROGRAM:  DEVICES.CMDS 

	SET  shift 10
	IF  shift 11
	SEND  shift 15
	LIGAR  shift 16
	DESLIGAR  shift 17
	VERIFICAR  shift 18
	.  error

	ACTION  goto 14
	CMD  goto 6
	CMDS  goto 5
	ACT  goto 9
	ATTRIB  goto 7
	OBSACT  goto 8
	ACTEXECUTE  goto 12
	ACTALERT  goto 13

state 3
	DEVICES:  DEVICE.DEVICES 
	DEVICES:  DEVICE.    (3)

	DISPOSITIVO  shift 4
	.  reduce 3 (src line 38)

	DEVICES  goto 19
	DEVICE  goto 3

state 4
	DEVICE:  DISPOSITIVO.':' '{' NAMEDEVICE '}' 
	DEVICE:  DISPOSITIVO.':' '{' NAMEDEVICE ',' OBSERVATION '}' 

	':'  shift 20
	.  error


state 5
	PROGRAM:  DEVICES CMDS.    (1)

	.  reduce 1 (src line 34)


state 6
	CMDS:  CMD.'.' CMDS 
	CMDS:  CMD.'.' 

	'.'  shift 21
	.  error


state 7
	CMD:  ATTRIB.    (8)

	.  reduce 8 (src line 44)


state 8
	CMD:  OBSACT.    (9)

	.  reduce 9 (src line 48)


state 9
	CMD:  ACT.    (10)

	.  reduce 10 (src line 51)


state 10
	ATTRIB:  SET.OBSERVATION '=' VAR 
	ATTRIB:  SET.OBSERVATION '=' ACTEXECUTE 

	OBSERVATION  shift 22
	.  error


state 11
	OBSACT:  IF.OBS THEN CMDS ENDIF 
	OBSACT:  IF.OBS THEN CMDS ELSE CMDS ENDIF 

	OBSERVATION  shift 27
	NUM  shift 28
	BOOL  shift 29
	LIGAR  shift 16
	DESLIGAR  shift 17
	VERIFICAR  shift 18
	.  error

	ACTION  goto 14
	ACTEXECUTE  goto 26
	OBS  goto 23
	VAR  goto 25
	EXPR  goto 24

state 12
	ACT:  ACTEXECUTE.    (22)

	.  reduce 22 (src line 89)


state 13
	ACT:  ACTALERT.    (23)

	.  reduce 23 (src line 91)


state 14
	ACTEXECUTE:  ACTION.'(' NAMEDEVICE ')' 

	'('  shift 30
	.  error


state 15
	ACTALERT:  SEND.ALERT '(' MSG ')' NAMEDEVICE 
	ACTALERT:  SEND.ALERT '(' MSG ',' OBSERVATION ')' NAMEDEVICE 

	ALERT  shift 31
	.  error


state 16
	ACTION:  LIGAR.    (27)

	.  reduce 27 (src line 103)


state 17
	ACTION:  DESLIGAR.    (28)

	.  reduce 28 (src line 107)


state 18
	ACTION:  VERIFICAR.    (29)

	.  reduce 29 (src line 110)


state 19
	DEVICES:  DEVICE DEVICES.    (2)

	.  reduce 2 (src line 38)


state 20
	DEVICE:  DISPOSITIVO ':'.'{' NAMEDEVICE '}' 
	DEVICE:  DISPOSITIVO ':'.'{' NAMEDEVICE ',' OBSERVATION '}' 

	'{'  shift 32
	.  error


state 21
	CMDS:  CMD '.'.CMDS 
	CMDS:  CMD '.'.    (7)

	SET  shift 10
	IF  shift 11
	SEND  shift 15
	LIGAR  shift 16
	DESLIGAR  shift 17
	VERIFICAR  shift 18
	.  reduce 7 (src line 43)

	ACTION  goto 14
	CMD  goto 6
	CMDS  goto 33
	ACT  goto 9
	ATTRIB  goto 7
	OBSACT  goto 8
	ACTEXECUTE  goto 12
	ACTALERT  goto 13

state 22
	ATTRIB:  SET OBSERVATION.'=' VAR 
	ATTRIB:  SET OBSERVATION.'=' ACTEXECUTE 

	'='  shift 34
	.  error


state 23
	OBSACT:  IF OBS.THEN CMDS ENDIF 
	OBSACT:  IF OBS.THEN CMDS ELSE CMDS ENDIF 

	THEN  shift 35
	.  error


state 24
	OBS:  EXPR.OPLOGIC EXPR 
	OBS:  EXPR.OPLOGIC EXPR AND OBS 

	OPLOGIC  shift 36
	.  error


state 25
	EXPR:  VAR.    (17)

	.  reduce 17 (src line 79)


state 26
	EXPR:  ACTEXECUTE.    (18)

	.  reduce 18 (src line 80)


state 27
	EXPR:  OBSERVATION.    (19)

	.  reduce 19 (src line 81)


state 28
	VAR:  NUM.    (20)

	.  reduce 20 (src line 82)


state 29
	VAR:  BOOL.    (21)

	.  reduce 21 (src line 86)


state 30
	ACTEXECUTE:  ACTION '('.NAMEDEVICE ')' 

	NAMEDEVICE  shift 37
	.  error


state 31
	ACTALERT:  SEND ALERT.'(' MSG ')' NAMEDEVICE 
	ACTALERT:  SEND ALERT.'(' MSG ',' OBSERVATION ')' NAMEDEVICE 

	'('  shift 38
	.  error


state 32
	DEVICE:  DISPOSITIVO ':' '{'.NAMEDEVICE '}' 
	DEVICE:  DISPOSITIVO ':' '{'.NAMEDEVICE ',' OBSERVATION '}' 

	NAMEDEVICE  shift 39
	.  error


state 33
	CMDS:  CMD '.' CMDS.    (6)

	.  reduce 6 (src line 41)


state 34
	ATTRIB:  SET OBSERVATION '='.VAR 
	ATTRIB:  SET OBSERVATION '='.ACTEXECUTE 

	NUM  shift 28
	BOOL  shift 29
	LIGAR  shift 16
	DESLIGAR  shift 17
	VERIFICAR  shift 18
	.  error

	ACTION  goto 14
	ACTEXECUTE  goto 41
	VAR  goto 40

state 35
	OBSACT:  IF OBS THEN.CMDS ENDIF 
	OBSACT:  IF OBS THEN.CMDS ELSE CMDS ENDIF 

	SET  shift 10
	IF  shift 11
	SEND  shift 15
	LIGAR  shift 16
	DESLIGAR  shift 17
	VERIFICAR  shift 18
	.  error

	ACTION  goto 14
	CMD  goto 6
	CMDS  goto 42
	ACT  goto 9
	ATTRIB  goto 7
	OBSACT  goto 8
	ACTEXECUTE  goto 12
	ACTALERT  goto 13

state 36
	OBS:  EXPR OPLOGIC.EXPR 
	OBS:  EXPR OPLOGIC.EXPR AND OBS 

	OBSERVATION  shift 27
	NUM  shift 28
	BOOL  shift 29
	LIGAR  shift 16
	DESLIGAR  shift 17
	VERIFICAR  shift 18
	.  error

	ACTION  goto 14
	ACTEXECUTE  goto 26
	VAR  goto 25
	EXPR  goto 43

state 37
	ACTEXECUTE:  ACTION '(' NAMEDEVICE.')' 

	')'  shift 44
	.  error


state 38
	ACTALERT:  SEND ALERT '('.MSG ')' NAMEDEVICE 
	ACTALERT:  SEND ALERT '('.MSG ',' OBSERVATION ')' NAMEDEVICE 

	MSG  shift 45
	.  error


state 39
	DEVICE:  DISPOSITIVO ':' '{' NAMEDEVICE.'}' 
	DEVICE:  DISPOSITIVO ':' '{' NAMEDEVICE.',' OBSERVATION '}' 

	'}'  shift 46
	','  shift 47
	.  error


state 40
	ATTRIB:  SET OBSERVATION '=' VAR.    (11)

	.  reduce 11 (src line 54)


state 41
	ATTRIB:  SET OBSERVATION '=' ACTEXECUTE.    (12)

	.  reduce 12 (src line 58)


state 42
	OBSACT:  IF OBS THEN CMDS.ENDIF 
	OBSACT:  IF OBS THEN CMDS.ELSE CMDS ENDIF 

	ELSE  shift 49
	ENDIF  shift 48
	.  error


state 43
	OBS:  EXPR OPLOGIC EXPR.    (15)
	OBS:  EXPR OPLOGIC EXPR.AND OBS 

	AND  shift 50
	.  reduce 15 (src line 71)


state 44
	ACTEXECUTE:  ACTION '(' NAMEDEVICE ')'.    (24)

	.  reduce 24 (src line 92)


state 45
	ACTALERT:  SEND ALERT '(' MSG.')' NAMEDEVICE 
	ACTALERT:  SEND ALERT '(' MSG.',' OBSERVATION ')' NAMEDEVICE 

	','  shift 52
	')'  shift 51
	.  error


state 46
	DEVICE:  DISPOSITIVO ':' '{' NAMEDEVICE '}'.    (4)

	.  reduce 4 (src line 39)


state 47
	DEVICE:  DISPOSITIVO ':' '{' NAMEDEVICE ','.OBSERVATION '}' 

	OBSERVATION  shift 53
	.  error


state 48
	OBSACT:  IF OBS THEN CMDS ENDIF.    (13)

	.  reduce 13 (src line 62)


state 49
	OBSACT:  IF OBS THEN CMDS ELSE.CMDS ENDIF 

	SET  shift 10
	IF  shift 11
	SEND  shift 15
	LIGAR  shift 16
	DESLIGAR  shift 17
	VERIFICAR  shift 18
	.  error

	ACTION  goto 14
	CMD  goto 6
	CMDS  goto 54
	ACT  goto 9
	ATTRIB  goto 7
	OBSACT  goto 8
	ACTEXECUTE  goto 12
	ACTALERT  goto 13

state 50
	OBS:  EXPR OPLOGIC EXPR AND.OBS 

	OBSERVATION  shift 27
	NUM  shift 28
	BOOL  shift 29
	LIGAR  shift 16
	DESLIGAR  shift 17
	VERIFICAR  shift 18
	.  error

	ACTION  goto 14
	ACTEXECUTE  goto 26
	OBS  goto 55
	VAR  goto 25
	EXPR  goto 24

state 51
	ACTALERT:  SEND ALERT '(' MSG ')'.NAMEDEVICE 

	NAMEDEVICE  shift 56
	.  error


state 52
	ACTALERT:  SEND ALERT '(' MSG ','.OBSERVATION ')' NAMEDEVICE 

	OBSERVATION  shift 57
	.  error


state 53
	DEVICE:  DISPOSITIVO ':' '{' NAMEDEVICE ',' OBSERVATION.'}' 

	'}'  shift 58
	.  error


state 54
	OBSACT:  IF OBS THEN CMDS ELSE CMDS.ENDIF 

	ENDIF  shift 59
	.  error


state 55
	OBS:  EXPR OPLOGIC EXPR AND OBS.    (16)

	.  reduce 16 (src line 75)


state 56
	ACTALERT:  SEND ALERT '(' MSG ')' NAMEDEVICE.    (25)

	.  reduce 25 (src line 96)


state 57
	ACTALERT:  SEND ALERT '(' MSG ',' OBSERVATION.')' NAMEDEVICE 

	')'  shift 60
	.  error


state 58
	DEVICE:  DISPOSITIVO ':' '{' NAMEDEVICE ',' OBSERVATION '}'.    (5)

	.  reduce 5 (src line 40)


state 59
	OBSACT:  IF OBS THEN CMDS ELSE CMDS ENDIF.    (14)

	.  reduce 14 (src line 67)


state 60
	ACTALERT:  SEND ALERT '(' MSG ',' OBSERVATION ')'.NAMEDEVICE 

	NAMEDEVICE  shift 61
	.  error


state 61
	ACTALERT:  SEND ALERT '(' MSG ',' OBSERVATION ')' NAMEDEVICE.    (26)

	.  reduce 26 (src line 99)


29 terminals, 15 nonterminals
30 grammar rules, 62/16000 states
0 shift/reduce, 0 reduce/reduce conflicts reported
64 working sets used
memory: parser 79/240000
12 extra closures
77 shift entries, 1 exceptions
25 goto entries
29 entries saved by goto default
Optimizer space used: output 71/240000
71 table entries, 0 zero
maximum spread: 29, maximum offset: 50
